0 info it worked if it ends with ok
1 verbose cli [ 'node', '/usr/local/bin/npm', 'install', 'angular-animate.js' ]
2 info using npm@1.3.21
3 info using node@v0.10.24
4 warn package.json newcalendar@0.0.0 No description
5 warn package.json newcalendar@0.0.0 No repository field.
6 warn package.json newcalendar@0.0.0 No README data
7 verbose readDependencies using package.json deps
8 verbose cache add [ 'angular-animate.js', null ]
9 verbose cache add name=undefined spec="angular-animate.js" args=["angular-animate.js",null]
10 verbose parsed url { protocol: null,
10 verbose parsed url   slashes: null,
10 verbose parsed url   auth: null,
10 verbose parsed url   host: null,
10 verbose parsed url   port: null,
10 verbose parsed url   hostname: null,
10 verbose parsed url   hash: null,
10 verbose parsed url   search: null,
10 verbose parsed url   query: null,
10 verbose parsed url   pathname: 'angular-animate.js',
10 verbose parsed url   path: 'angular-animate.js',
10 verbose parsed url   href: 'angular-animate.js' }
11 silly lockFile 4b214345-angular-animate-js angular-animate.js
12 verbose lock angular-animate.js /Users/mason/.npm/4b214345-angular-animate-js.lock
13 silly lockFile 4b214345-angular-animate-js angular-animate.js
14 silly lockFile 4b214345-angular-animate-js angular-animate.js
15 verbose addNamed [ 'angular-animate.js', '' ]
16 verbose addNamed [ null, '*' ]
17 silly lockFile 45551128-angular-animate-js angular-animate.js@
18 verbose lock angular-animate.js@ /Users/mason/.npm/45551128-angular-animate-js.lock
19 silly addNameRange { name: 'angular-animate.js', range: '*', hasData: false }
20 verbose url raw angular-animate.js
21 verbose url resolving [ 'https://registry.npmjs.org/', './angular-animate.js' ]
22 verbose url resolved https://registry.npmjs.org/angular-animate.js
23 info trying registry request attempt 1 at 20:22:45
24 http GET https://registry.npmjs.org/angular-animate.js
25 http 404 https://registry.npmjs.org/angular-animate.js
26 silly registry.get cb [ 404,
26 silly registry.get   { date: 'Tue, 14 Jan 2014 04:22:46 GMT',
26 silly registry.get     server: 'CouchDB/1.5.0 (Erlang OTP/R15B03)',
26 silly registry.get     'content-type': 'application/json',
26 silly registry.get     'cache-control': 'max-age=0',
26 silly registry.get     'content-length': '52',
26 silly registry.get     'accept-ranges': 'bytes',
26 silly registry.get     via: '1.1 varnish',
26 silly registry.get     age: '0',
26 silly registry.get     'x-served-by': 'cache-sv63-SJC3',
26 silly registry.get     'x-cache': 'MISS',
26 silly registry.get     'x-cache-hits': '0',
26 silly registry.get     'x-timer': 'S1389673366.638077021,VS0,VE52',
26 silly registry.get     'keep-alive': 'timeout=10, max=50',
26 silly registry.get     connection: 'Keep-Alive' } ]
27 silly lockFile 45551128-angular-animate-js angular-animate.js@
28 silly lockFile 45551128-angular-animate-js angular-animate.js@
29 error 404 'angular-animate.js' is not in the npm registry.
29 error 404 You should bug the author to publish it
29 error 404
29 error 404 Maybe try 'npm search angular animate'
29 error 404
29 error 404 Note that you can also install from a
29 error 404 tarball, folder, or http url, or git url.
30 error System Darwin 13.0.0
31 error command "node" "/usr/local/bin/npm" "install" "angular-animate.js"
32 error cwd /Users/mason/Desktop/NewCalendar
33 error node -v v0.10.24
34 error npm -v 1.3.21
35 error code E404
36 verbose exit [ 1, true ]
